Build started 1/11/2016 9:54:00 AM.
     1>Project "D:\from Desktop\My work\SimpleCalculator\SimpleCalculator\SimpleCalculator.vcxproj" on node 2 (Build target(s)).
     1>ClCompile:
         C:\Program Files (x86)\Microsoft Visual Studio 12.0\VC\bin\CL.exe /c /ZI /nologo /W3 /WX- /sdl /Od /Oy- /D WIN32 /D _WINDOWS /D _DEBUG /D _UNICODE /D UNICODE /D _AFXDLL /Gm /EHsc /RTC1 /MDd /GS /fp:precise /Zc:wchar_t /Zc:forScope /Yc"stdafx.h" /Fp"Debug\SimpleCalculator.pch" /Fo"Debug\\" /Fd"Debug\vc120.pdb" /Gd /TP /analyze- /errorReport:prompt stdafx.cpp
         stdafx.cpp
         C:\Program Files (x86)\Microsoft Visual Studio 12.0\VC\bin\CL.exe /c /ZI /nologo /W3 /WX- /sdl /Od /Oy- /D WIN32 /D _WINDOWS /D _DEBUG /D _UNICODE /D UNICODE /D _AFXDLL /Gm /EHsc /RTC1 /MDd /GS /fp:precise /Zc:wchar_t /Zc:forScope /Yu"stdafx.h" /Fp"Debug\SimpleCalculator.pch" /Fo"Debug\\" /Fd"Debug\vc120.pdb" /Gd /TP /analyze- /errorReport:prompt calculate.cpp SimpleCalculator.cpp SimpleCalculatorDlg.cpp
         SimpleCalculatorDlg.cpp
         SimpleCalculator.cpp
         calculate.cpp
         Generating Code...
       ResourceCompile:
         C:\Program Files (x86)\Windows Kits\8.1\bin\x86\rc.exe /D _DEBUG /D _UNICODE /D UNICODE /D _AFXDLL /l"0x0409" /IDebug\ /nologo /fo"Debug\SimpleCalculator.res" SimpleCalculator.rc 
       Link:
         C:\Program Files (x86)\Microsoft Visual Studio 12.0\VC\bin\link.exe /ERRORREPORT:PROMPT /OUT:"D:\from Desktop\My work\SimpleCalculator\Debug\SimpleCalculator.exe" /INCREMENTAL /NOLOGO /MANIFEST /MANIFESTUAC:"level='asInvoker' uiAccess='false'" /manifest:embed /manifestinput:"C:\Program Files (x86)\Microsoft Visual Studio 12.0\VC\Include\Manifest\dpiaware.manifest" /DEBUG /PDB:"D:\from Desktop\My work\SimpleCalculator\Debug\SimpleCalculator.pdb" /SUBSYSTEM:WINDOWS /TLBID:1 /ENTRY:"wWinMainCRTStartup" /DYNAMICBASE /NXCOMPAT /IMPLIB:"D:\from Desktop\My work\SimpleCalculator\Debug\SimpleCalculator.lib" /MACHINE:X86 Debug\SimpleCalculator.res
         Debug\calculate.obj
         Debug\SimpleCalculator.obj
         Debug\SimpleCalculatorDlg.obj
         Debug\stdafx.obj
         LINK : D:\from Desktop\My work\SimpleCalculator\Debug\SimpleCalculator.exe not found or not built by the last incremental link; performing full link
         SimpleCalculator.vcxproj -> D:\from Desktop\My work\SimpleCalculator\Debug\SimpleCalculator.exe
     1>Done Building Project "D:\from Desktop\My work\SimpleCalculator\SimpleCalculator\SimpleCalculator.vcxproj" (Build target(s)).

Build succeeded.

Time Elapsed 00:00:19.83
